2024-07-31 21:28:16,802 - INFO - Removed JobLevel
2024-07-31 21:28:17,002 - INFO - Accuracy:0.8639455782312925
2024-07-31 21:28:17,003 - INFO - 
Confusion Matrix:[[254   1]
 [ 39   0]]

2024-07-31 21:28:17,005 - INFO - 
Classification Report:              precision    recall  f1-score   support

           0       0.87      1.00      0.93       255
           1       0.00      0.00      0.00        39

    accuracy                           0.86       294
   macro avg       0.43      0.50      0.46       294
weighted avg       0.75      0.86      0.80       294


2024-07-31 21:28:17,008 - INFO - ROC AUC Score:0.6948215183509301
2024-07-31 21:28:17,331 - INFO - Accuracy:0.8877551020408163
2024-07-31 21:28:17,333 - INFO - 
Confusion Matrix:[[249   6]
 [ 27  12]]

2024-07-31 21:28:17,335 - INFO - 
Classification Report:              precision    recall  f1-score   support

           0       0.90      0.98      0.94       255
           1       0.67      0.31      0.42        39

    accuracy                           0.89       294
   macro avg       0.78      0.64      0.68       294
weighted avg       0.87      0.89      0.87       294


2024-07-31 21:28:17,338 - INFO - ROC AUC Score:0.7781799899446958
2024-07-31 21:28:17,399 - INFO - Precision-Recall AUC: 0.29
2024-07-31 21:28:17,601 - INFO - Precision-Recall AUC: 0.45
2024-07-31 21:28:18,118 - INFO - Accuracy:0.6619433198380567
2024-07-31 21:28:18,120 - INFO - 
Confusion Matrix:[[148 102]
 [ 65 179]]

2024-07-31 21:28:18,122 - INFO - 
Classification Report:              precision    recall  f1-score   support

           0       0.69      0.59      0.64       250
           1       0.64      0.73      0.68       244

    accuracy                           0.66       494
   macro avg       0.67      0.66      0.66       494
weighted avg       0.67      0.66      0.66       494


2024-07-31 21:28:18,124 - INFO - ROC AUC Score:0.7193934426229507
2024-07-31 21:28:18,329 - INFO - Accuracy:0.9230769230769231
2024-07-31 21:28:18,331 - INFO - 
Confusion Matrix:[[237  13]
 [ 25 219]]

2024-07-31 21:28:18,332 - INFO - 
Classification Report:              precision    recall  f1-score   support

           0       0.90      0.95      0.93       250
           1       0.94      0.90      0.92       244

    accuracy                           0.92       494
   macro avg       0.92      0.92      0.92       494
weighted avg       0.92      0.92      0.92       494


2024-07-31 21:28:18,334 - INFO - ROC AUC Score:0.9745737704918033
2024-07-31 21:28:18,368 - INFO - Precision-Recall AUC: 0.90
2024-07-31 21:28:20,167 - INFO - Cross-validation scores: [0.98325427 0.974772   0.97466662 0.97641009 0.97672526]
2024-07-31 21:28:20,169 - INFO - Mean cross-validation score: 0.977165648363276
